[NotebookApp | WARNING] No nbgrader_config.py file found (rerun with --debug to see where nbgrader is looking)
[NotebookApp | INFO] Loading the validate_assignment nbgrader serverextension
[NotebookApp | INFO] Serving notebooks from local directory: /Users/liujunjie/Self_Study
[NotebookApp | INFO] 0 active kernels
[NotebookApp | INFO] The Jupyter Notebook is running at:
[NotebookApp | INFO] http://localhost:8888/?token=ea2337c52a2bd0c862bcf2677b8a43e192e0b5628878fc7a
[NotebookApp | INFO] Use Control-C to stop this server and shut down all kernels (twice to skip confirmation).
[NotebookApp | CRITICAL] 
    
    Copy/paste this URL into your browser when you connect for the first time,
    to login with a token:
        http://localhost:8888/?token=ea2337c52a2bd0c862bcf2677b8a43e192e0b5628878fc7a&token=ea2337c52a2bd0c862bcf2677b8a43e192e0b5628878fc7a
[NotebookApp | INFO] Accepting one-time-token-authenticated connection from ::1
[NotebookApp | INFO] Creating new notebook in /jupyterfiles
[NotebookApp | INFO] Kernel started: 1be66c57-a4e9-461e-9eda-09ae059f3873
[NotebookApp | INFO] Adapting to protocol v5.1 for kernel 1be66c57-a4e9-461e-9eda-09ae059f3873
[NotebookApp | INFO] Saving file at /jupyterfiles/Use PY in Advanced Statistics .ipynb
[NotebookApp | INFO] Saving file at /jupyterfiles/Use PY in Advanced Statistics .ipynb
[NotebookApp | INFO] Saving file at /jupyterfiles/Use PY in Advanced Statistics .ipynb
[NotebookApp | INFO] Saving file at /jupyterfiles/Use PY in Advanced Statistics .ipynb
[NotebookApp | INFO] Saving file at /jupyterfiles/Use PY in Advanced Statistics .ipynb
[NotebookApp | INFO] Saving file at /jupyterfiles/Use PY in Advanced Statistics .ipynb
[NotebookApp | INFO] Saving file at /jupyterfiles/Use PY in Advanced Statistics .ipynb
[NotebookApp | INFO] Saving file at /jupyterfiles/Use PY in Advanced Statistics .ipynb
[NotebookApp | INFO] Saving file at /jupyterfiles/Use PY in Advanced Statistics .ipynb
[NotebookApp | INFO] Saving file at /jupyterfiles/Use PY in Advanced Statistics .ipynb
[NotebookApp | INFO] Saving file at /jupyterfiles/Use PY in Advanced Statistics .ipynb
[NotebookApp | INFO] Saving file at /jupyterfiles/Use PY in Advanced Statistics .ipynb
[NotebookApp | INFO] Saving file at /jupyterfiles/Use PY in Advanced Statistics .ipynb
[NotebookApp | INFO] Saving file at /jupyterfiles/Use PY in Advanced Statistics .ipynb
[NotebookApp | INFO] Saving file at /jupyterfiles/Use PY in Advanced Statistics .ipynb
[NotebookApp | INFO] Saving file at /jupyterfiles/Use PY in Advanced Statistics .ipynb
[NotebookApp | INFO] Saving file at /jupyterfiles/Use PY in Advanced Statistics .ipynb
[NotebookApp | INFO] Saving file at /jupyterfiles/Use PY in Advanced Statistics .ipynb
[NotebookApp | INFO] Saving file at /jupyterfiles/Use PY in Advanced Statistics .ipynb
[NotebookApp | INFO] Saving file at /jupyterfiles/Use PY in Advanced Statistics .ipynb
[NotebookApp | INFO] Saving file at /jupyterfiles/Use PY in Advanced Statistics .ipynb
[NotebookApp | INFO] Saving file at /jupyterfiles/Use PY in Advanced Statistics .ipynb
[NotebookApp | INFO] Saving file at /jupyterfiles/Use PY in Advanced Statistics .ipynb
[NotebookApp | INFO] Saving file at /jupyterfiles/Use PY in Advanced Statistics .ipynb
[NotebookApp | INFO] Saving file at /jupyterfiles/Use PY in Advanced Statistics .ipynb
[NotebookApp | INFO] Saving file at /jupyterfiles/Use PY in Advanced Statistics .ipynb
[NotebookApp | INFO] Saving file at /jupyterfiles/Use PY in Advanced Statistics .ipynb
[NotebookApp | INFO] Saving file at /jupyterfiles/Use PY in Advanced Statistics .ipynb
[NotebookApp | INFO] Saving file at /jupyterfiles/Use PY in Advanced Statistics .ipynb
[NotebookApp | INFO] Saving file at /jupyterfiles/Use PY in Advanced Statistics .ipynb
[NotebookApp | INFO] Saving file at /jupyterfiles/Use PY in Advanced Statistics .ipynb
[NotebookApp | INFO] Saving file at /jupyterfiles/Use PY in Advanced Statistics .ipynb
[NotebookApp | INFO] Saving file at /jupyterfiles/Use PY in Advanced Statistics .ipynb
[NotebookApp | INFO] Saving file at /jupyterfiles/Use PY in Advanced Statistics .ipynb
[NotebookApp | INFO] Saving file at /jupyterfiles/Use PY in Advanced Statistics .ipynb
[NotebookApp | INFO] Saving file at /jupyterfiles/Use PY in Advanced Statistics .ipynb
[NotebookApp | INFO] Saving file at /jupyterfiles/Use PY in Advanced Statistics .ipynb
[NotebookApp | INFO] Saving file at /jupyterfiles/Use PY in Advanced Statistics .ipynb
[NotebookApp | INFO] Saving file at /jupyterfiles/Use PY in Advanced Statistics .ipynb
[NotebookApp | INFO] Saving file at /jupyterfiles/Use PY in Advanced Statistics .ipynb
[NotebookApp | INFO] Saving file at /jupyterfiles/Use PY in Advanced Statistics .ipynb
[NotebookApp | INFO] Saving file at /jupyterfiles/Use PY in Advanced Statistics .ipynb
[NotebookApp | INFO] Saving file at /jupyterfiles/Use PY in Advanced Statistics .ipynb
[NotebookApp | INFO] Saving file at /jupyterfiles/Use PY in Advanced Statistics .ipynb
[NotebookApp | INFO] Saving file at /jupyterfiles/Use PY in Advanced Statistics .ipynb
[NotebookApp | INFO] Saving file at /jupyterfiles/Use PY in Advanced Statistics .ipynb
[NotebookApp | INFO] Saving file at /jupyterfiles/Use PY in Advanced Statistics .ipynb
[NotebookApp | INFO] Saving file at /jupyterfiles/Use PY in Advanced Statistics .ipynb
[NotebookApp | INFO] Saving file at /jupyterfiles/Use PY in Advanced Statistics .ipynb
[NotebookApp | INFO] Saving file at /jupyterfiles/Use PY in Advanced Statistics .ipynb
[NotebookApp | INFO] Saving file at /jupyterfiles/Use PY in Advanced Statistics .ipynb
[NotebookApp | INFO] Saving file at /jupyterfiles/Use PY in Advanced Statistics .ipynb
[NotebookApp | INFO] Saving file at /jupyterfiles/Use PY in Advanced Statistics .ipynb
[NotebookApp | INFO] Saving file at /jupyterfiles/Use PY in Advanced Statistics .ipynb
[NotebookApp | INFO] Saving file at /jupyterfiles/Use PY in Advanced Statistics .ipynb
[NotebookApp | INFO] Saving file at /jupyterfiles/Use PY in Advanced Statistics .ipynb
[NotebookApp | INFO] Saving file at /jupyterfiles/Use PY in Advanced Statistics .ipynb
[NotebookApp | INFO] Saving file at /jupyterfiles/Use PY in Advanced Statistics .ipynb
[NotebookApp | INFO] Saving file at /jupyterfiles/Use PY in Advanced Statistics .ipynb
[NotebookApp | INFO] Saving file at /jupyterfiles/Use PY in Advanced Statistics .ipynb
[NotebookApp | INFO] Saving file at /jupyterfiles/Use PY in Advanced Statistics .ipynb
[NotebookApp | INFO] Saving file at /jupyterfiles/Use PY in Advanced Statistics .ipynb
[NotebookApp | INFO] Saving file at /jupyterfiles/Use PY in Advanced Statistics .ipynb
[NotebookApp | INFO] Saving file at /jupyterfiles/Use PY in Advanced Statistics .ipynb
[NotebookApp | INFO] Saving file at /jupyterfiles/Use PY in Advanced Statistics .ipynb
[NotebookApp | INFO] Saving file at /jupyterfiles/Use PY in Advanced Statistics .ipynb
[NotebookApp | INFO] Saving file at /jupyterfiles/Use PY in Advanced Statistics .ipynb
[NotebookApp | INFO] Saving file at /jupyterfiles/Use PY in Advanced Statistics .ipynb
[NotebookApp | INFO] Saving file at /jupyterfiles/Use PY in Advanced Statistics .ipynb
[NotebookApp | INFO] Saving file at /jupyterfiles/Use PY in Advanced Statistics .ipynb
[NotebookApp | INFO] Saving file at /jupyterfiles/Use PY in Advanced Statistics .ipynb
[NotebookApp | INFO] Saving file at /jupyterfiles/Use PY in Advanced Statistics .ipynb
[NotebookApp | INFO] Saving file at /jupyterfiles/Use PY in Advanced Statistics .ipynb
[NotebookApp | INFO] Saving file at /jupyterfiles/Use PY in Advanced Statistics .ipynb
[NotebookApp | INFO] Saving file at /jupyterfiles/Use PY in Advanced Statistics .ipynb
[NotebookApp | INFO] Saving file at /jupyterfiles/Use PY in Advanced Statistics .ipynb
[NotebookApp | INFO] Saving file at /jupyterfiles/Use PY in Advanced Statistics .ipynb
[NotebookApp | INFO] Saving file at /jupyterfiles/Use PY in Advanced Statistics .ipynb
[NotebookApp | INFO] Saving file at /jupyterfiles/Use PY in Advanced Statistics .ipynb
[NotebookApp | INFO] Saving file at /jupyterfiles/Use PY in Advanced Statistics .ipynb
[NotebookApp | INFO] Saving file at /jupyterfiles/Use PY in Advanced Statistics .ipynb
[NotebookApp | INFO] Saving file at /jupyterfiles/Use PY in Advanced Statistics .ipynb
[NotebookApp | INFO] Saving file at /jupyterfiles/Use PY in Advanced Statistics .ipynb
[NotebookApp | INFO] Saving file at /jupyterfiles/Use PY in Advanced Statistics .ipynb
[NotebookApp | INFO] Saving file at /jupyterfiles/Use PY in Advanced Statistics .ipynb
[NotebookApp | INFO] Saving file at /jupyterfiles/Use PY in Advanced Statistics .ipynb
[NotebookApp | INFO] Saving file at /jupyterfiles/Use PY in Advanced Statistics .ipynb
[NotebookApp | INFO] Saving file at /jupyterfiles/Use PY in Advanced Statistics .ipynb
[NotebookApp | INFO] Saving file at /jupyterfiles/Use PY in Advanced Statistics .ipynb
[NotebookApp | INFO] Saving file at /jupyterfiles/Use PY in Advanced Statistics .ipynb
[NotebookApp | INFO] Saving file at /jupyterfiles/Use PY in Advanced Statistics .ipynb
[NotebookApp | INFO] Saving file at /jupyterfiles/Use PY in Advanced Statistics .ipynb
[NotebookApp | INFO] Saving file at /jupyterfiles/Use PY in Advanced Statistics .ipynb
[NotebookApp | INFO] Saving file at /jupyterfiles/Use PY in Advanced Statistics .ipynb
[NotebookApp | INFO] Saving file at /jupyterfiles/Use PY in Advanced Statistics .ipynb
[NotebookApp | INFO] Saving file at /jupyterfiles/Use PY in Advanced Statistics .ipynb
[NotebookApp | INFO] Saving file at /jupyterfiles/Use PY in Advanced Statistics .ipynb
[NotebookApp | INFO] Saving file at /jupyterfiles/Use PY in Advanced Statistics .ipynb
[NotebookApp | INFO] Saving file at /jupyterfiles/Use PY in Advanced Statistics .ipynb
[NotebookApp | INFO] Saving file at /jupyterfiles/Use PY in Advanced Statistics .ipynb
[NotebookApp | INFO] Saving file at /jupyterfiles/Use PY in Advanced Statistics .ipynb
[NotebookApp | INFO] Saving file at /jupyterfiles/Use PY in Advanced Statistics .ipynb
[NotebookApp | INFO] Saving file at /jupyterfiles/Use PY in Advanced Statistics .ipynb
[NotebookApp | INFO] Saving file at /jupyterfiles/Use PY in Advanced Statistics .ipynb
[NotebookApp | INFO] Saving file at /jupyterfiles/Use PY in Advanced Statistics .ipynb
[NotebookApp | INFO] Saving file at /jupyterfiles/Use PY in Advanced Statistics .ipynb
[NotebookApp | INFO] Saving file at /jupyterfiles/Use PY in Advanced Statistics .ipynb
[NotebookApp | INFO] Saving file at /jupyterfiles/Use PY in Advanced Statistics .ipynb
[NotebookApp | INFO] Saving file at /jupyterfiles/Use PY in Advanced Statistics .ipynb
[NotebookApp | INFO] Saving file at /jupyterfiles/Use PY in Advanced Statistics .ipynb
[NotebookApp | INFO] Saving file at /jupyterfiles/Use PY in Advanced Statistics .ipynb
[NotebookApp | INFO] Saving file at /jupyterfiles/Use PY in Advanced Statistics .ipynb
[NotebookApp | INFO] Saving file at /jupyterfiles/Use PY in Advanced Statistics .ipynb
[NotebookApp | INFO] Saving file at /jupyterfiles/Use PY in Advanced Statistics .ipynb
[NotebookApp | INFO] Saving file at /jupyterfiles/Use PY in Advanced Statistics .ipynb
[NotebookApp | INFO] Saving file at /jupyterfiles/Use PY in Advanced Statistics .ipynb
[NotebookApp | INFO] Saving file at /jupyterfiles/Use PY in Advanced Statistics .ipynb
[NotebookApp | INFO] Saving file at /jupyterfiles/Use PY in Advanced Statistics .ipynb
[NotebookApp | INFO] Saving file at /jupyterfiles/Use PY in Advanced Statistics .ipynb
[NotebookApp | INFO] 302 GET /tree (::1) 0.65ms
[NotebookApp | WARNING] 404 GET /apple-touch-icon-precomposed.png (::1) 10.79ms referer=None
[NotebookApp | WARNING] 404 GET /apple-touch-icon.png (::1) 1.20ms referer=None
[NotebookApp | INFO] 302 GET /tree (::1) 0.55ms
[NotebookApp | WARNING] 404 GET /apple-touch-icon-precomposed.png (::1) 1.96ms referer=None
[NotebookApp | WARNING] 404 GET /apple-touch-icon.png (::1) 1.16ms referer=None
[NotebookApp | INFO] Starting buffering for 1be66c57-a4e9-461e-9eda-09ae059f3873:bba7fdc4ce7d496a861f60392864a70b
[NotebookApp | WARNING] No nbgrader_config.py file found (rerun with --debug to see where nbgrader is looking)
[NotebookApp | INFO] Loading the validate_assignment nbgrader serverextension
[NotebookApp | INFO] Serving notebooks from local directory: /Users/liujunjie/Self_Study
[NotebookApp | INFO] 0 active kernels
[NotebookApp | INFO] The Jupyter Notebook is running at:
[NotebookApp | INFO] http://localhost:8888/?token=e64b37d12530051fa965b609ee818aa4804286cf21ccfcf6
[NotebookApp | INFO] Use Control-C to stop this server and shut down all kernels (twice to skip confirmation).
[NotebookApp | CRITICAL] 
    
    Copy/paste this URL into your browser when you connect for the first time,
    to login with a token:
        http://localhost:8888/?token=e64b37d12530051fa965b609ee818aa4804286cf21ccfcf6&token=e64b37d12530051fa965b609ee818aa4804286cf21ccfcf6
[NotebookApp | INFO] Accepting one-time-token-authenticated connection from ::1
[NotebookApp | WARNING] 404 GET /apple-touch-icon-precomposed.png (::1) 8.68ms referer=None
[NotebookApp | WARNING] 404 GET /apple-touch-icon.png (::1) 1.50ms referer=None
[NotebookApp | WARNING] No nbgrader_config.py file found. Rerun with DEBUG log level to see where nbgrader is looking.
[NotebookApp | CRITICAL] Unwritable directory, please contact your instructor: /srv/nbgrader/exchange
[NotebookApp | ERROR] Traceback (most recent call last):
      File "/Library/Frameworks/Python.framework/Versions/3.6/lib/python3.6/site-packages/nbgrader/server_extensions/assignment_list/handlers.py", line 65, in list_released_assignments
        assignments = lister.start()
      File "/Library/Frameworks/Python.framework/Versions/3.6/lib/python3.6/site-packages/nbgrader/exchange/list.py", line 129, in start
        super(ExchangeList, self).start()
      File "/Library/Frameworks/Python.framework/Versions/3.6/lib/python3.6/site-packages/nbgrader/exchange/exchange.py", line 122, in start
        self.ensure_root()
      File "/Library/Frameworks/Python.framework/Versions/3.6/lib/python3.6/site-packages/nbgrader/exchange/exchange.py", line 100, in ensure_root
        self.fail("Unwritable directory, please contact your instructor: {}".format(self.root))
      File "/Library/Frameworks/Python.framework/Versions/3.6/lib/python3.6/site-packages/nbgrader/exchange/exchange.py", line 78, in fail
        raise ExchangeError(msg)
    nbgrader.exchange.exchange.ExchangeError: Unwritable directory, please contact your instructor: /srv/nbgrader/exchange
    
[NotebookApp | CRITICAL] Unwritable directory, please contact your instructor: /srv/nbgrader/exchange
[NotebookApp | CRITICAL] Unwritable directory, please contact your instructor: /srv/nbgrader/exchange
[NotebookApp | CRITICAL] Unwritable directory, please contact your instructor: /srv/nbgrader/exchange
[NotebookApp | CRITICAL] Unwritable directory, please contact your instructor: /srv/nbgrader/exchange
[NotebookApp | CRITICAL] Unwritable directory, please contact your instructor: /srv/nbgrader/exchange
[NotebookApp | CRITICAL] Unwritable directory, please contact your instructor: /srv/nbgrader/exchange
[NotebookApp | CRITICAL] Unwritable directory, please contact your instructor: /srv/nbgrader/exchange
[NotebookApp | CRITICAL] Unwritable directory, please contact your instructor: /srv/nbgrader/exchange
[NotebookApp | INFO] interrupted
[NotebookApp | CRITICAL] Shutdown confirmed
[NotebookApp | INFO] Shutting down 0 kernels
[NotebookApp | WARNING] No nbgrader_config.py file found (rerun with --debug to see where nbgrader is looking)
[NotebookApp | INFO] Loading the validate_assignment nbgrader serverextension
[NotebookApp | INFO] Serving notebooks from local directory: /Users/liujunjie/Self_Study
[NotebookApp | INFO] 0 active kernels
[NotebookApp | INFO] The Jupyter Notebook is running at:
[NotebookApp | INFO] http://localhost:8888/?token=6880f95cd2423d4111b72ad1c941f93ffe6c03aa1031e701
[NotebookApp | INFO] Use Control-C to stop this server and shut down all kernels (twice to skip confirmation).
[NotebookApp | CRITICAL] 
    
    Copy/paste this URL into your browser when you connect for the first time,
    to login with a token:
        http://localhost:8888/?token=6880f95cd2423d4111b72ad1c941f93ffe6c03aa1031e701&token=6880f95cd2423d4111b72ad1c941f93ffe6c03aa1031e701
[NotebookApp | INFO] Accepting one-time-token-authenticated connection from ::1
[NotebookApp | WARNING] Notebook jupyterfiles/Use PY in Advanced Statistics .ipynb is not trusted
[NotebookApp | INFO] Kernel started: e3cb3989-6f10-411c-846b-78f3dcdff9c6
[NotebookApp | INFO] Adapting to protocol v5.1 for kernel e3cb3989-6f10-411c-846b-78f3dcdff9c6
[NotebookApp | INFO] Saving file at /jupyterfiles/Use PY in Advanced Statistics .ipynb
[NotebookApp | WARNING] Notebook jupyterfiles/Use PY in Advanced Statistics .ipynb is not trusted
[NotebookApp | INFO] Saving file at /jupyterfiles/Use PY in Advanced Statistics .ipynb
[NotebookApp | WARNING] Notebook jupyterfiles/Use PY in Advanced Statistics .ipynb is not trusted
[NotebookApp | INFO] Saving file at /jupyterfiles/Use PY in Advanced Statistics .ipynb
[NotebookApp | WARNING] Notebook jupyterfiles/Use PY in Advanced Statistics .ipynb is not trusted
[NotebookApp | INFO] Saving file at /jupyterfiles/Use PY in Advanced Statistics .ipynb
[NotebookApp | WARNING] Notebook jupyterfiles/Use PY in Advanced Statistics .ipynb is not trusted
[NotebookApp | INFO] Saving file at /jupyterfiles/Use PY in Advanced Statistics .ipynb
[NotebookApp | WARNING] Notebook jupyterfiles/Use PY in Advanced Statistics .ipynb is not trusted
[NotebookApp | INFO] Saving file at /jupyterfiles/Use PY in Advanced Statistics .ipynb
[NotebookApp | WARNING] Notebook jupyterfiles/Use PY in Advanced Statistics .ipynb is not trusted
[NotebookApp | INFO] Saving file at /jupyterfiles/Use PY in Advanced Statistics .ipynb
[NotebookApp | WARNING] Notebook jupyterfiles/Use PY in Advanced Statistics .ipynb is not trusted
[NotebookApp | INFO] Saving file at /jupyterfiles/Use PY in Advanced Statistics .ipynb
[NotebookApp | WARNING] Notebook jupyterfiles/Use PY in Advanced Statistics .ipynb is not trusted
[NotebookApp | INFO] Saving file at /jupyterfiles/Use PY in Advanced Statistics .ipynb
[NotebookApp | WARNING] Notebook jupyterfiles/Use PY in Advanced Statistics .ipynb is not trusted
[NotebookApp | INFO] Saving file at /jupyterfiles/Use PY in Advanced Statistics .ipynb
[NotebookApp | WARNING] Notebook jupyterfiles/Use PY in Advanced Statistics .ipynb is not trusted
[NotebookApp | WARNING] Notebook jupyterfiles/Use PY in Advanced Statistics .ipynb is not trusted
[NotebookApp | WARNING] Trusting notebook /jupyterfiles/Use PY in Advanced Statistics .ipynb
[NotebookApp | INFO] Starting buffering for e3cb3989-6f10-411c-846b-78f3dcdff9c6:5869c4e54cb14fe983493046be0a9689
[NotebookApp | INFO] Adapting to protocol v5.1 for kernel e3cb3989-6f10-411c-846b-78f3dcdff9c6
[NotebookApp | INFO] Saving file at /jupyterfiles/Use PY in Advanced Statistics .ipynb
[NotebookApp | INFO] Saving file at /jupyterfiles/Use PY in Advanced Statistics .ipynb
[NotebookApp | INFO] Saving file at /jupyterfiles/Use PY in Advanced Statistics .ipynb
[NotebookApp | INFO] Saving file at /jupyterfiles/Use PY in Advanced Statistics .ipynb
[NotebookApp | INFO] Saving file at /jupyterfiles/Use PY in Advanced Statistics .ipynb
[NotebookApp | INFO] Saving file at /jupyterfiles/Use PY in Advanced Statistics .ipynb
[NotebookApp | INFO] Saving file at /jupyterfiles/Use PY in Advanced Statistics .ipynb
[NotebookApp | INFO] Saving file at /jupyterfiles/Use PY in Advanced Statistics .ipynb
[NotebookApp | INFO] Saving file at /jupyterfiles/Use PY in Advanced Statistics .ipynb
[NotebookApp | INFO] Saving file at /jupyterfiles/Use PY in Advanced Statistics .ipynb
[NotebookApp | INFO] Saving file at /jupyterfiles/Use PY in Advanced Statistics .ipynb
[NotebookApp | INFO] Saving file at /jupyterfiles/Use PY in Advanced Statistics .ipynb
[NotebookApp | INFO] Saving file at /jupyterfiles/Use PY in Advanced Statistics .ipynb
[NotebookApp | INFO] Saving file at /jupyterfiles/Use PY in Advanced Statistics .ipynb
[NotebookApp | INFO] Saving file at /jupyterfiles/Use PY in Advanced Statistics .ipynb
[NotebookApp | INFO] Saving file at /jupyterfiles/Use PY in Advanced Statistics .ipynb
[NotebookApp | INFO] Saving file at /jupyterfiles/Use PY in Advanced Statistics .ipynb
[NotebookApp | INFO] Saving file at /jupyterfiles/Use PY in Advanced Statistics .ipynb
[NotebookApp | INFO] Saving file at /jupyterfiles/Use PY in Advanced Statistics .ipynb
[NotebookApp | INFO] Saving file at /jupyterfiles/Use PY in Advanced Statistics .ipynb
[NotebookApp | INFO] Saving file at /jupyterfiles/Use PY in Advanced Statistics .ipynb
[NotebookApp | INFO] Saving file at /jupyterfiles/Use PY in Advanced Statistics .ipynb
[NotebookApp | INFO] Saving file at /jupyterfiles/Use PY in Advanced Statistics .ipynb
[NotebookApp | INFO] Saving file at /jupyterfiles/Use PY in Advanced Statistics .ipynb
[NotebookApp | INFO] Saving file at /jupyterfiles/Use PY in Advanced Statistics .ipynb
[NotebookApp | INFO] Saving file at /jupyterfiles/Use PY in Advanced Statistics .ipynb
[NotebookApp | INFO] Saving file at /jupyterfiles/Use PY in Advanced Statistics .ipynb
[NotebookApp | INFO] Saving file at /jupyterfiles/Use PY in Advanced Statistics .ipynb
[NotebookApp | INFO] Saving file at /jupyterfiles/Use PY in Advanced Statistics .ipynb
[NotebookApp | INFO] Saving file at /jupyterfiles/Use PY in Advanced Statistics .ipynb
[NotebookApp | INFO] Saving file at /jupyterfiles/Use PY in Advanced Statistics .ipynb
[NotebookApp | INFO] Saving file at /jupyterfiles/Use PY in Advanced Statistics .ipynb
[NotebookApp | INFO] Saving file at /jupyterfiles/Use PY in Advanced Statistics .ipynb
[NotebookApp | INFO] Saving file at /jupyterfiles/Use PY in Advanced Statistics .ipynb
[NotebookApp | INFO] Saving file at /jupyterfiles/Use PY in Advanced Statistics .ipynb
[NotebookApp | INFO] Saving file at /jupyterfiles/Use PY in Advanced Statistics .ipynb
[NotebookApp | INFO] Saving file at /jupyterfiles/Use PY in Advanced Statistics .ipynb
[NotebookApp | INFO] Saving file at /jupyterfiles/Use PY in Advanced Statistics .ipynb
[NotebookApp | INFO] Saving file at /jupyterfiles/Use PY in Advanced Statistics .ipynb
[NotebookApp | INFO] Saving file at /jupyterfiles/Use PY in Advanced Statistics .ipynb
[NotebookApp | INFO] Saving file at /README.md
[NotebookApp | INFO] Saving file at /README.md
[NotebookApp | INFO] Saving file at /jupyterfiles/Use PY in Advanced Statistics .ipynb
